#
# There is insufficient memory for the Java Runtime Environment to continue.
# Native memory allocation (mmap) failed to map 264241152 bytes. Error detail: G1 virtual space
# Possible reasons:
#   The system is out of physical RAM or swap space
#   This process is running with CompressedOops enabled, and the Java Heap may be blocking the growth of the native heap
# Possible solutions:
#   Reduce memory load on the system
#   Increase physical memory or swap space
#   Check if swap backing store is full
#   Decrease Java heap size (-Xmx/-Xms)
#   Decrease number of Java threads
#   Decrease Java thread stack sizes (-Xss)
#   Set larger code cache with -XX:ReservedCodeCacheSize=
#   JVM is running with Zero Based Compressed Oops mode in which the Java heap is
#     placed in the first 32GB address space. The Java Heap base address is the
#     maximum limit for the native heap growth. Please use -XX:HeapBaseMinAddress
#     to set the Java Heap base and to place the Java Heap above 32GB virtual address.
# This output file may be truncated or incomplete.
#
#  Out of Memory Error (os_windows.cpp:3825), pid=26888, tid=24700
#
# JRE version:  (17.0.12+1) (build )
# Java VM: OpenJDK 64-Bit Server VM (17.0.12+1-b1087.25, mixed mode, sharing, tiered, compressed oops, compressed class ptrs, g1 gc, windows-amd64)
# No core dump will be written. Minidumps are not enabled by default on client versions of Windows
#

---------------  S U M M A R Y ------------

Command Line: -Dfile.encoding=GBK D:\hongmeng\DevEco Studio\sdk\default\openharmony\toolchains\lib\app_packing_tool.jar --mode hap --force true --lib-path D:\health\shipu-health-recipe\frontend\entry\build\default\intermediates\stripped_native_libs\default --json-path D:\health\shipu-health-recipe\frontend\entry\build\default\intermediates\package\default\module.json --resources-path D:\health\shipu-health-recipe\frontend\entry\build\default\intermediates\res\default\resources --index-path D:\health\shipu-health-recipe\frontend\entry\build\default\intermediates\res\default\resources.index --pack-info-path D:\health\shipu-health-recipe\frontend\entry\build\default\outputs\default\pack.info --out-path D:\health\shipu-health-recipe\frontend\entry\build\default\outputs\default\entry-default-unsigned.hap --ets-path D:\health\shipu-health-recipe\frontend\entry\build\default\intermediates\loader_out\default\ets --pkg-context-path D:\health\shipu-health-recipe\frontend\entry\build\default\intermediates\loader\default\pkgContextInfo.json

Host: 12th Gen Intel(R) Core(TM) i5-12500H, 16 cores, 15G,  Windows 11 , 64 bit Build 22621 (10.0.22621.3958)
Time: Mon Jul 13 16:10:42 2026  Windows 11 , 64 bit Build 22621 (10.0.22621.3958) elapsed time: 0.007984 seconds (0d 0h 0m 0s)

---------------  T H R E A D  ---------------

Current thread (0x00000184af960610):  JavaThread "Unknown thread" [_thread_in_vm, id=24700, stack(0x00000070d8f00000,0x00000070d9000000)]

Stack: [0x00000070d8f00000,0x00000070d9000000]
Native frames: (J=compiled Java code, j=interpreted, Vv=VM code, C=native code)
V  [jvm.dll+0x688dd9]
V  [jvm.dll+0x842eaa]
V  [jvm.dll+0x844aee]
V  [jvm.dll+0x845153]
V  [jvm.dll+0x24ba3f]
V  [jvm.dll+0x685ba9]
V  [jvm.dll+0x67a45a]
V  [jvm.dll+0x30c60b]
V  [jvm.dll+0x313ab6]
V  [jvm.dll+0x363c6e]
V  [jvm.dll+0x363e9f]
V  [jvm.dll+0x2e2658]
V  [jvm.dll+0x2e3594]
V  [jvm.dll+0x813b31]
V  [jvm.dll+0x3719c1]
V  [jvm.dll+0x7f2626]
V  [jvm.dll+0x3f563f]
V  [jvm.dll+0x3f7191]
C  [jli.dll+0x528f]
C  [ucrtbase.dll+0x29333]
C  [KERNEL32.DLL+0x1257d]
C  [ntdll.dll+0x5af08]


---------------  P R O C E S S  ---------------

Threads class SMR info:
_java_thread_list=0x00007ffded950f58, length=0, elements={
}

Java Threads: ( => current thread )

Other Threads:
  0x00000184af9caea0 GCTaskThread "GC Thread#0" [stack: 0x00000070d9000000,0x00000070d9100000] [id=3524]
  0x00000184af9db7a0 ConcurrentGCThread "G1 Main Marker" [stack: 0x00000070d9100000,0x00000070d9200000] [id=20440]
  0x00000184af9dc060 ConcurrentGCThread "G1 Conc#0" [stack: 0x00000070d9200000,0x00000070d9300000] [id=4348]

[error occurred during error reporting (printing all threads), id 0xc0000005, EXCEPTION_ACCESS_VIOLATION (0xc0000005) at pc=0x00007ffded1031c7]

VM state: not at safepoint (not fully initialized)

VM Mutex/Monitor currently owned by a thread:  ([mutex/lock_event])
[0x00000184af95af50] Heap_lock - owner thread: 0x00000184af960610

Heap address: 0x0000000704e00000, size: 4018 MB, Compressed Oops mode: Zero based, Oop shift amount: 3

CDS archive(s) mapped at: [0x0000000000000000-0x0000000000000000-0x0000000000000000), size 0, SharedBaseAddress: 0x0000000800000000, ArchiveRelocationMode: 1.
Narrow klass base: 0x0000000000000000, Narrow klass shift: 0, Narrow klass range: 0x0

GC Precious Log:
<Empty>

Heap:
 garbage-first heap   total 0K, used 0K [0x0000000704e00000, 0x0000000800000000)
  region size 2048K, 0 young (0K), 0 survivors (0K)
 Metaspace       used 0K, committed 0K, reserved 0K
  class space    used 0K, committed 0K, reserved 0K

Heap Regions: E=young(eden), S=young(survivor), O=old, HS=humongous(starts), HC=humongous(continues), CS=collection set, F=free, OA=open archive, CA=closed archive, TAMS=top-at-mark-start (previous, next)

Card table byte_map: [0x00000184c3140000,0x00000184c3920000] _byte_map_base: 0x00000184bf919000

Marking Bits (Prev, Next): (CMBitMap*) 0x00000184af9cb360, (CMBitMap*) 0x00000184af9cb3a0
 Prev Bits: [0x00000184c4100000, 0x00000184c7fc8000)
 Next Bits: [0x00000184c7fd0000, 0x00000184cbe98000)

GC Heap History (0 events):
No events

Dll operation events (1 events):
Event: 0.005 Loaded shared library D:\hongmeng\DevEco Studio\jbr\bin\java.dll

Deoptimization events (0 events):
No events

Classes unloaded (0 events):
No events

Classes redefined (0 events):
No events

Internal exceptions (0 events):
No events

VM Operations (0 events):
No events

Events (0 events):
No events


Dynamic libraries:
0x00007ff7ee4f0000 - 0x00007ff7ee4fa000 	D:\hongmeng\DevEco Studio\jbr\bin\java.exe
0x00007ffea01f0000 - 0x00007ffea0407000 	C:\Windows\SYSTEM32\ntdll.dll
0x00007ffe9f450000 - 0x00007ffe9f514000 	C:\Windows\System32\KERNEL32.DLL
0x00007ffe9db60000 - 0x00007ffe9df17000 	C:\Windows\System32\KERNELBASE.dll
0x00007ffe9da40000 - 0x00007ffe9db51000 	C:\Windows\System32\ucrtbase.dll
0x00007ffe6aae0000 - 0x00007ffe6aaf7000 	D:\hongmeng\DevEco Studio\jbr\bin\jli.dll
0x00007ffe650a0000 - 0x00007ffe650bb000 	D:\hongmeng\DevEco Studio\jbr\bin\VCRUNTIME140.dll
0x00007ffe9e9d0000 - 0x00007ffe9eb7f000 	C:\Windows\System32\USER32.dll
0x00007ffe9d660000 - 0x00007ffe9d686000 	C:\Windows\System32\win32u.dll
0x00007ffe83650000 - 0x00007ffe838e3000 	C:\Windows\WinSxS\amd64_microsoft.windows.common-controls_6595b64144ccf1df_6.0.22621.3672_none_2713b9d173822955\COMCTL32.dll
0x00007ffe9f5a0000 - 0x00007ffe9f5c9000 	C:\Windows\System32\GDI32.dll
0x00007ffe9d920000 - 0x00007ffe9da38000 	C:\Windows\System32\gdi32full.dll
0x00007ffe9eb80000 - 0x00007ffe9ec27000 	C:\Windows\System32\msvcrt.dll
0x00007ffe9d880000 - 0x00007ffe9d91a000 	C:\Windows\System32\msvcp_win.dll
0x00007ffe9ec30000 - 0x00007ffe9ec61000 	C:\Windows\System32\IMM32.DLL
0x00007ffe80eb0000 - 0x00007ffe80ebc000 	D:\hongmeng\DevEco Studio\jbr\bin\vcruntime140_1.dll
0x00007ffdc9030000 - 0x00007ffdc90bd000 	D:\hongmeng\DevEco Studio\jbr\bin\msvcp140.dll
0x00007ffdece10000 - 0x00007ffdeda95000 	D:\hongmeng\DevEco Studio\jbr\bin\server\jvm.dll
0x00007ffea00a0000 - 0x00007ffea0152000 	C:\Windows\System32\ADVAPI32.dll
0x00007ffe9fec0000 - 0x00007ffe9ff68000 	C:\Windows\System32\sechost.dll
0x00007ffe9d630000 - 0x00007ffe9d658000 	C:\Windows\System32\bcrypt.dll
0x00007ffe9f6d0000 - 0x00007ffe9f7e4000 	C:\Windows\System32\RPCRT4.dll
0x00007ffe95af0000 - 0x00007ffe95af9000 	C:\Windows\SYSTEM32\WSOCK32.dll
0x00007ffe9c370000 - 0x00007ffe9c3bd000 	C:\Windows\SYSTEM32\POWRPROF.dll
0x00007ffe96430000 - 0x00007ffe96464000 	C:\Windows\SYSTEM32\WINMM.dll
0x00007ffe9f520000 - 0x00007ffe9f591000 	C:\Windows\System32\WS2_32.dll
0x00007ffe92d70000 - 0x00007ffe92d7a000 	C:\Windows\SYSTEM32\VERSION.dll
0x00007ffe9c350000 - 0x00007ffe9c363000 	C:\Windows\SYSTEM32\UMPDC.dll
0x00007ffe9c560000 - 0x00007ffe9c578000 	C:\Windows\SYSTEM32\kernel.appcore.dll
0x00007ffe95ab0000 - 0x00007ffe95aba000 	D:\hongmeng\DevEco Studio\jbr\bin\jimage.dll
0x00007ffe9ae40000 - 0x00007ffe9b072000 	C:\Windows\SYSTEM32\DBGHELP.DLL
0x00007ffe9fb30000 - 0x00007ffe9febe000 	C:\Windows\System32\combase.dll
0x00007ffe9f110000 - 0x00007ffe9f1e7000 	C:\Windows\System32\OLEAUT32.dll
0x00007ffe91600000 - 0x00007ffe91632000 	C:\Windows\SYSTEM32\dbgcore.DLL
0x00007ffe9d690000 - 0x00007ffe9d70b000 	C:\Windows\System32\bcryptPrimitives.dll
0x00007ffe94e60000 - 0x00007ffe94e85000 	D:\hongmeng\DevEco Studio\jbr\bin\java.dll

dbghelp: loaded successfully - version: 4.0.5 - missing functions: none
symbol engine: initialized successfully - sym options: 0x614 - pdb path: .;D:\hongmeng\DevEco Studio\jbr\bin;C:\Windows\SYSTEM32;C:\Windows\WinSxS\amd64_microsoft.windows.common-controls_6595b64144ccf1df_6.0.22621.3672_none_2713b9d173822955;D:\hongmeng\DevEco Studio\jbr\bin\server

VM Arguments:
jvm_args: -Dfile.encoding=GBK 
java_command: D:\hongmeng\DevEco Studio\sdk\default\openharmony\toolchains\lib\app_packing_tool.jar --mode hap --force true --lib-path D:\health\shipu-health-recipe\frontend\entry\build\default\intermediates\stripped_native_libs\default --json-path D:\health\shipu-health-recipe\frontend\entry\build\default\intermediates\package\default\module.json --resources-path D:\health\shipu-health-recipe\frontend\entry\build\default\intermediates\res\default\resources --index-path D:\health\shipu-health-recipe\frontend\entry\build\default\intermediates\res\default\resources.index --pack-info-path D:\health\shipu-health-recipe\frontend\entry\build\default\outputs\default\pack.info --out-path D:\health\shipu-health-recipe\frontend\entry\build\default\outputs\default\entry-default-unsigned.hap --ets-path D:\health\shipu-health-recipe\frontend\entry\build\default\intermediates\loader_out\default\ets --pkg-context-path D:\health\shipu-health-recipe\frontend\entry\build\default\intermediates\loader\default\pkgContextInfo.json
java_class_path (initial): D:\hongmeng\DevEco Studio\sdk\default\openharmony\toolchains\lib\app_packing_tool.jar
Launcher Type: SUN_STANDARD

[Global flags]
     intx CICompilerCount                          = 12                                        {product} {ergonomic}
     uint ConcGCThreads                            = 3                                         {product} {ergonomic}
     uint G1ConcRefinementThreads                  = 13                                        {product} {ergonomic}
   size_t G1HeapRegionSize                         = 2097152                                   {product} {ergonomic}
    uintx GCDrainStackTargetSize                   = 64                                        {product} {ergonomic}
   size_t InitialHeapSize                          = 264241152                                 {product} {ergonomic}
   size_t MarkStackSize                            = 4194304                                   {product} {ergonomic}
   size_t MaxHeapSize                              = 4213178368                                {product} {ergonomic}
   size_t MinHeapDeltaBytes                        = 2097152                                   {product} {ergonomic}
   size_t MinHeapSize                              = 8388608                                   {product} {ergonomic}
    uintx NonNMethodCodeHeapSize                   = 7602480                                {pd product} {ergonomic}
    uintx NonProfiledCodeHeapSize                  = 122027880                              {pd product} {ergonomic}
    uintx ProfiledCodeHeapSize                     = 122027880                              {pd product} {ergonomic}
    uintx ReservedCodeCacheSize                    = 251658240                              {pd product} {ergonomic}
     bool SegmentedCodeCache                       = true                                      {product} {ergonomic}
   size_t SoftMaxHeapSize                          = 4213178368                             {manageable} {ergonomic}
     bool UseCompressedClassPointers               = true                           {product lp64_product} {ergonomic}
     bool UseCompressedOops                        = true                           {product lp64_product} {ergonomic}
     bool UseG1GC                                  = true                                      {product} {ergonomic}
     bool UseLargePagesIndividualAllocation        = false                                  {pd product} {ergonomic}

Logging:
Log output configuration:
 #0: stdout all=warning uptime,level,tags
 #1: stderr all=off uptime,level,tags

Environment Variables:
JAVA_HOME=D:\hongmeng\DevEco Studio\jbr
PATH=D:\hongmeng\DevEco Studio\tools\node;D:\hongmeng\DevEco Studio\jbr\bin;D:\Flutter\flutter\bin;D:\language\Java\jdk-21\bin;C:\Windows\system32;C:\Windows;C:\Windows\System32\Wbem;C:\Windows\System32\WindowsPowerShell\v1.0\;C:\Windows\System32\OpenSSH\;C:\Program Files\dotnet\;C:\Program Files (x86)\NVIDIA Corporation\PhysX\Common;%QUARTUS_ROOTDIR%\bin;C:\Program Files\MySQL\MySQL Server 8.0\lib;D:\mysql-connector-c++-9.5.0-winx64\lib64\vs14;C:\Program Files\Microsoft VS Code\bin;D:\mingw64c\mingw64\bin;C:\Program Files\Docker\Docker\resources\bin;C:\Program Files\NVIDIA Corporation\NVIDIA App\NvDLISR;C:\Program Files\Git\cmd;D:\Flutter\flutter\bin;C:\apache-maven-3.9.11-bin\apache-maven-3.9.11\bin;C:\Users\DELL\AppData\Local\Microsoft\WindowsApps;C:\Program Files\MySQL\MySQL Server 8.0\lib;D:\mysql-connector-c++-9.5.0-winx64\lib64\vs14;D:\mingw64c\mingw64\bin;D:\IDE\IntelliJ IDEA Community Edition 2023.3.4\bin;;D:\hongmeng\DevEco Studio\bin;;
USERNAME=DELL
OS=Windows_NT
PROCESSOR_IDENTIFIER=Intel64 Family 6 Model 154 Stepping 3, GenuineIntel
TMP=C:\Users\DELL\AppData\Local\Temp
TEMP=C:\Users\DELL\AppData\Local\Temp



Periodic native trim disabled

JNI global refs:
JNI global refs: 0, weak refs: 0

JNI global refs memory usage: 0, weak refs: 0

OOME stack traces (most recent first):
Classloader memory used:


---------------  S Y S T E M  ---------------

OS:
 Windows 11 , 64 bit Build 22621 (10.0.22621.3958)
OS uptime: 0 days 8:12 hours
Hyper-V role detected

CPU: total 16 (initial active 16) (8 cores per cpu, 2 threads per core) family 6 model 154 stepping 3 microcode 0x43b, cx8, cmov, fxsr, ht, mmx, 3dnowpref, sse, sse2, sse3, ssse3, sse4.1, sse4.2, popcnt, lzcnt, tsc, tscinvbit, avx, avx2, aes, erms, clmul, bmi1, bmi2, adx, sha, fma, vzeroupper, clflush, clflushopt, clwb, hv
Processor Information for processor 0
  Max Mhz: 2500, Current Mhz: 2500, Mhz Limit: 2500
Processor Information for processor 1
  Max Mhz: 2500, Current Mhz: 2500, Mhz Limit: 2500
Processor Information for processor 2
  Max Mhz: 2500, Current Mhz: 2500, Mhz Limit: 2500
Processor Information for processor 3
  Max Mhz: 2500, Current Mhz: 2500, Mhz Limit: 2500
Processor Information for processor 4
  Max Mhz: 2500, Current Mhz: 2500, Mhz Limit: 2500
Processor Information for processor 5
  Max Mhz: 2500, Current Mhz: 2500, Mhz Limit: 2500
Processor Information for processor 6
  Max Mhz: 2500, Current Mhz: 2500, Mhz Limit: 2500
Processor Information for processor 7
  Max Mhz: 2500, Current Mhz: 2500, Mhz Limit: 2500
Processor Information for processor 8
  Max Mhz: 2500, Current Mhz: 1527, Mhz Limit: 2500
Processor Information for processor 9
  Max Mhz: 2500, Current Mhz: 2500, Mhz Limit: 2500
Processor Information for processor 10
  Max Mhz: 2500, Current Mhz: 1527, Mhz Limit: 2500
Processor Information for processor 11
  Max Mhz: 2500, Current Mhz: 2500, Mhz Limit: 2500
Processor Information for processor 12
  Max Mhz: 2500, Current Mhz: 2500, Mhz Limit: 2500
Processor Information for processor 13
  Max Mhz: 2500, Current Mhz: 1527, Mhz Limit: 2500
Processor Information for processor 14
  Max Mhz: 2500, Current Mhz: 1527, Mhz Limit: 2500
Processor Information for processor 15
  Max Mhz: 2500, Current Mhz: 2500, Mhz Limit: 2500

Memory: 4k page, system-wide physical 16068M (748M free)
TotalPageFile size 35336M (AvailPageFile size 175M)
current process WorkingSet (physical memory assigned to process): 11M, peak: 11M
current process commit charge ("private bytes"): 70M, peak: 322M

vm_info: OpenJDK 64-Bit Server VM (17.0.12+1-b1087.25) for windows-amd64 JRE (17.0.12+1-b1087.25), built on 2024-08-30 by "builduser" with MS VC++ 16.10 / 16.11 (VS2019)

END.
